mode: set
github.com/alexaandru/stampli/main.go:15.13,17.16 2 1
github.com/alexaandru/stampli/main.go:17.16,19.3 1 1
github.com/alexaandru/stampli/main.go:21.2,22.12 2 1
github.com/alexaandru/stampli/main.go:22.12,24.3 1 0
github.com/alexaandru/stampli/main.go:25.2,26.16 2 1
github.com/alexaandru/stampli/main.go:26.16,28.3 1 1
github.com/alexaandru/stampli/main.go:29.2,35.16 4 1
github.com/alexaandru/stampli/main.go:35.16,38.3 2 0
github.com/alexaandru/stampli/main.go:39.2,42.16 3 1
github.com/alexaandru/stampli/main.go:42.16,45.3 2 1
github.com/alexaandru/stampli/main.go:46.2,50.12 3 1
github.com/alexaandru/stampli/main.go:53.45,55.16 2 1
github.com/alexaandru/stampli/main.go:55.16,57.3 1 0
github.com/alexaandru/stampli/main.go:58.2,65.16 4 1
github.com/alexaandru/stampli/main.go:65.16,67.3 1 1
github.com/alexaandru/stampli/main.go:68.2,69.42 2 1
github.com/alexaandru/stampli/main.go:72.50,74.16 2 1
github.com/alexaandru/stampli/main.go:74.16,76.3 1 1
github.com/alexaandru/stampli/main.go:77.2,86.32 6 1
github.com/alexaandru/stampli/main.go:86.32,88.17 2 1
github.com/alexaandru/stampli/main.go:88.17,90.4 1 1
github.com/alexaandru/stampli/main.go:91.3,94.17 3 1
github.com/alexaandru/stampli/main.go:94.17,96.4 1 1
github.com/alexaandru/stampli/main.go:97.3,98.30 2 1
github.com/alexaandru/stampli/main.go:101.2,102.16 2 1
github.com/alexaandru/stampli/main.go:102.16,104.3 1 1
github.com/alexaandru/stampli/main.go:105.2,107.16 2 1
github.com/alexaandru/stampli/main.go:105.2,107.16 2 0
github.com/alexaandru/stampli/main.go:109.2,110.58 2 1
